Build started 4/20/2016 12:36:10 PM.
     1>Project "D:\курсаваяEnd\курсавая\курсавая\Проект4\Проект4.vcxproj" on node 2 (Build target(s)).
     1>ClCompile:
         C:\Program Files (x86)\Microsoft Visual Studio 12.0\VC\bin\CL.exe /c /AI"C:\Program Files (x86)\Reference Assemblies\Microsoft\Framework\.NETFramework\v4.5\\" /AI"C:\Program Files (x86)\Windows Kits\8.1\References\CommonConfiguration\Neutral" /AI"C:\Program Files (x86)\Reference Assemblies\Microsoft\Framework\.NETFramework\v4.5\Facades\\" /Zi /clr /nologo /W3 /WX- /Od /Oy- /D WIN32 /D _DEBUG /D _UNICODE /D UNICODE /EHa /MDd /GS /fp:precise /Zc:wchar_t /Zc:forScope /Fo"Debug\\" /Fd"Debug\vc120.pdb" /TP /FU"C:\Program Files (x86)\Reference Assemblies\Microsoft\Framework\.NETFramework\v4.5\mscorlib.dll" /FU"C:\Program Files (x86)\Reference Assemblies\Microsoft\Framework\.NETFramework\v4.5\System.Data.dll" /FU"C:\Program Files (x86)\Reference Assemblies\Microsoft\Framework\.NETFramework\v4.5\System.dll" /FU"C:\Program Files (x86)\Reference Assemblies\Microsoft\Framework\.NETFramework\v4.5\System.Drawing.dll" /FU"C:\Program Files (x86)\Reference Assemblies\Microsoft\Framework\.NETFramework\v4.5\System.Windows.Forms.dll" /FU"C:\Program Files (x86)\Reference Assemblies\Microsoft\Framework\.NETFramework\v4.5\System.Xml.dll" /analyze- /errorReport:prompt /clr:nostdlib MyForm.cpp MyForm1.cpp MyForm2.cpp PenDialog.cpp TextDialog.cpp
         MyForm.cpp
         MyForm1.cpp
         MyForm2.cpp
         PenDialog.cpp
         TextDialog.cpp
         Generating Code...
         C:\Program Files (x86)\Microsoft Visual Studio 12.0\VC\bin\CL.exe /c /Zi /clr /nologo /W3 /WX- /Od /Oy- /D WIN32 /D _DEBUG /D _UNICODE /D UNICODE /EHa /MDd /GS /fp:precise /Zc:wchar_t /Zc:forScope /Fo"Debug\\" /Fd"Debug\vc120.pdb" /TP /analyze- /errorReport:prompt "C:\Users\Katrin\AppData\Local\Temp\.NETFramework,Version=v4.5.AssemblyAttributes.cpp"
         .NETFramework,Version=v4.5.AssemblyAttributes.cpp
       ResourceCompile:
         C:\Program Files (x86)\Windows Kits\8.1\bin\x86\rc.exe /D _UNICODE /D UNICODE /l"0x0409" /nologo /fo"Debug\Проект4.res" "Проект4.rc" 
       Link:
         C:\Program Files (x86)\Microsoft Visual Studio 12.0\VC\bin\link.exe /ERRORREPORT:PROMPT /OUT:"D:\курсаваяEnd\курсавая\курсавая\Debug\Проект4.exe" /INCREMENTAL /NOLOGO /ASSEMBLYRESOURCE:"Debug\Проект4.MyForm.resources" /ASSEMBLYRESOURCE:"Debug\Проект4.MyForm1.resources" /ASSEMBLYRESOURCE:"Debug\Проект4.MyForm2.resources" /ASSEMBLYRESOURCE:"Debug\Проект4.PenDialog.resources" /ASSEMBLYRESOURCE:"Debug\Проект4.TextDialog.resources" /MANIFEST /MANIFESTUAC:"level='asInvoker' uiAccess='false'" /manifest:embed /DEBUG /PDB:"D:\курсаваяEnd\курсавая\курсавая\Debug\Проект4.pdb" /ASSEMBLYDEBUG /SUBSYSTEM:WINDOWS /TLBID:1 /ENTRY:"Main" /DYNAMICBASE /FIXED:NO /NXCOMPAT /MACHINE:X86 "Debug\Проект4.res"
         Debug\MyForm.obj
         Debug\MyForm1.obj
         Debug\MyForm2.obj
         Debug\PenDialog.obj
         Debug\TextDialog.obj
         "Debug\.NETFramework,Version=v4.5.AssemblyAttributes.obj"
         Проект4.vcxproj -> D:\курсаваяEnd\курсавая\курсавая\Debug\Проект4.exe
     1>Done Building Project "D:\курсаваяEnd\курсавая\курсавая\Проект4\Проект4.vcxproj" (Build target(s)).

Build succeeded.

Time Elapsed 00:00:09.55
